\BOOKMARK [1][-]{section.1}{Choix des Outils et Logiciels pour le Projet}{}% 1
\BOOKMARK [2][-]{subsection.1.1}{Utilisation des Notebooks Kaggle}{section.1}% 2
\BOOKMARK [2][-]{subsection.1.2}{Le Choix du Langage Python}{section.1}% 3
\BOOKMARK [2][-]{subsection.1.3}{Approche collaborative}{section.1}% 4
\BOOKMARK [3][-]{subsubsection.1.3.1}{Collaboration dans le groupe}{subsection.1.3}% 5
\BOOKMARK [3][-]{subsubsection.1.3.2}{Reproductibilit\351, collaboration externe}{subsection.1.3}% 6
\BOOKMARK [1][-]{section.2}{Choix des mod\351lisations pour le Projet}{}% 7
\BOOKMARK [2][-]{subsection.2.1}{Mod\350le de classification}{section.2}% 8
\BOOKMARK [3][-]{subsubsection.2.1.1}{Classification manuelle des articles pertinents pour le jeu d'entra\356nement}{subsection.2.1}% 9
\BOOKMARK [3][-]{subsubsection.2.1.2}{S\351lection et configuration du mod\350le}{subsection.2.1}% 10
\BOOKMARK [2][-]{subsection.2.2}{Hyperparam\350tres et optimisation}{section.2}% 11
\BOOKMARK [3][-]{subsubsection.2.2.1}{L'optimiseur AdamW}{subsection.2.2}% 12
\BOOKMARK [3][-]{subsubsection.2.2.2}{Fondements math\351matiques de l'AdamW}{subsection.2.2}% 13
\BOOKMARK [3][-]{subsubsection.2.2.3}{Learning rate et epsilon}{subsection.2.2}% 14
\BOOKMARK [2][-]{subsection.2.3}{Les avantages de Bert et Camembert}{section.2}% 15
\BOOKMARK [2][-]{subsection.2.4}{S\351paration des donn\351es et entrainement du mod\350le}{section.2}% 16
\BOOKMARK [2][-]{subsection.2.5}{Clustering}{section.2}% 17
\BOOKMARK [3][-]{subsubsection.2.5.1}{Analyse en Composantes Principales \(PCA\)}{subsection.2.5}% 18
\BOOKMARK [3][-]{subsubsection.2.5.2}{Choix du nombre de cluster et clustering}{subsection.2.5}% 19
\BOOKMARK [3][-]{subsubsection.2.5.3}{Interpr\351tation des cluster}{subsection.2.5}% 20
\BOOKMARK [2][-]{subsection.2.6}{Inf\351rence statistique dans le contexte de classification et clustering}{section.2}% 21
\BOOKMARK [1][-]{section.3}{Conclusions}{}% 22
